<?xml version="1.0" encoding="UTF-8"?>
<!-- Generated by org.testng.reporters.JUnitXMLReporter -->
<testsuite ignored="0" hostname="INP-PF3B0L19-LT" failures="0" tests="2" name="Default test" time="10.194" errors="0" timestamp="2022-08-20T21:00:15 IST">
  <testcase classname="io.cucumber.testng.AbstractTestNGCucumberTests" name="runScenario" time="7.213"/>
  <testcase classname="io.cucumber.testng.AbstractTestNGCucumberTests" name="runScenario" time="9.395"/>
</testsuite> <!-- Default test -->
